2025-07-22 14:03:23.280 
Warning: the config option 'server.enableCORS=false' is not compatible with
'server.enableXsrfProtection=true'.
As a result, 'server.enableCORS' is being overridden to 'true'.

More information:
In order to protect against CSRF attacks, we send a cookie with each request.
To do so, we must specify allowable origins, which places a restriction on
cross-origin resource sharing.

If cross origin resource sharing is required, please disable server.enableXsrfProtection.
            

Collecting usage statistics. To deactivate, set browser.gatherUsageStats to false.


  You can now view your Streamlit app in your browser.

  Local URL: http://localhost:8501
  Network URL: http://172.28.0.12:8501
  External URL: http://34.23.124.91:8501

2025-07-22 14:10:05.906 
Warning: the config option 'server.enableCORS=false' is not compatible with
'server.enableXsrfProtection=true'.
As a result, 'server.enableCORS' is being overridden to 'true'.

More information:
In order to protect against CSRF attacks, we send a cookie with each request.
To do so, we must specify allowable origins, which places a restriction on
cross-origin resource sharing.

If cross origin resource sharing is required, please disable server.enableXsrfProtection.
            

Collecting usage statistics. To deactivate, set browser.gatherUsageStats to false.

2025-07-22 14:10:05.913 Port 8501 is already in use
2025-07-22 14:18:45.295 
Warning: the config option 'server.enableCORS=false' is not compatible with
'server.enableXsrfProtection=true'.
As a result, 'server.enableCORS' is being overridden to 'true'.

More information:
In order to protect against CSRF attacks, we send a cookie with each request.
To do so, we must specify allowable origins, which places a restriction on
cross-origin resource sharing.

If cross origin resource sharing is required, please disable server.enableXsrfProtection.
            

Collecting usage statistics. To deactivate, set browser.gatherUsageStats to false.

2025-07-22 14:18:45.303 Port 8501 is already in use
2025-07-22 14:23:01.819 
Warning: the config option 'server.enableCORS=false' is not compatible with
'server.enableXsrfProtection=true'.
As a result, 'server.enableCORS' is being overridden to 'true'.

More information:
In order to protect against CSRF attacks, we send a cookie with each request.
To do so, we must specify allowable origins, which places a restriction on
cross-origin resource sharing.

If cross origin resource sharing is required, please disable server.enableXsrfProtection.
            

Collecting usage statistics. To deactivate, set browser.gatherUsageStats to false.

2025-07-22 14:23:01.826 Port 8501 is already in use
2025-07-22 14:23:26.124 
Warning: the config option 'server.enableCORS=false' is not compatible with
'server.enableXsrfProtection=true'.
As a result, 'server.enableCORS' is being overridden to 'true'.

More information:
In order to protect against CSRF attacks, we send a cookie with each request.
To do so, we must specify allowable origins, which places a restriction on
cross-origin resource sharing.

If cross origin resource sharing is required, please disable server.enableXsrfProtection.
            

Collecting usage statistics. To deactivate, set browser.gatherUsageStats to false.

2025-07-22 14:23:26.131 Port 8501 is already in use

Collecting usage statistics. To deactivate, set browser.gatherUsageStats to false.

2025-07-22 14:26:24.276 Port 8501 is already in use

Collecting usage statistics. To deactivate, set browser.gatherUsageStats to false.

2025-07-22 14:26:41.037 Port 8501 is already in use
2025-07-22 14:32:34.186 
Warning: the config option 'server.enableCORS=false' is not compatible with
'server.enableXsrfProtection=true'.
As a result, 'server.enableCORS' is being overridden to 'true'.

More information:
In order to protect against CSRF attacks, we send a cookie with each request.
To do so, we must specify allowable origins, which places a restriction on
cross-origin resource sharing.

If cross origin resource sharing is required, please disable server.enableXsrfProtection.
            

Collecting usage statistics. To deactivate, set browser.gatherUsageStats to false.

2025-07-22 14:32:34.210 Port 8501 is already in use
